[13.09.2012][21:57:54][INFO] Приложение запущено
[13.09.2012][21:57:55][CREATE] Создаем временную таблицу back_out
[13.09.2012][21:57:57][CREATE] Делаем копию back_out
[13.09.2012][21:57:57][DELETE] Удаляем оригинальный файл out
[13.09.2012][21:57:57][REPLACE] Подменяем оригинальный файл дубликатом out
[13.09.2012][21:58:03][INFO] Приложение остановлено
[13.09.2012][22:00:26][INFO] Приложение запущено
[13.09.2012][22:00:26][CREATE] Создаем временную таблицу back_out
[13.09.2012][22:00:29][CREATE] Делаем копию back_out
[13.09.2012][22:00:29][DELETE] Удаляем оригинальный файл out
[13.09.2012][22:00:29][REPLACE] Подменяем оригинальный файл дубликатом out
[13.09.2012][22:01:20][INFO] Приложение запущено
[13.09.2012][22:01:20][CREATE] Создаем временную таблицу back_out
[13.09.2012][22:01:22][CREATE] Делаем копию back_out
[13.09.2012][22:01:22][DELETE] Удаляем оригинальный файл out
[13.09.2012][22:01:22][REPLACE] Подменяем оригинальный файл дубликатом out
[13.09.2012][22:02:50][INFO] Приложение остановлено
[13.09.2012][22:03:08][INFO] Приложение запущено
[13.09.2012][22:03:08][CREATE] Создаем временную таблицу back_out
[13.09.2012][22:03:39][CREATE] Делаем копию back_out
[13.09.2012][22:03:39][DELETE] Удаляем оригинальный файл out
[13.09.2012][22:03:39][REPLACE] Подменяем оригинальный файл дубликатом out
[13.09.2012][22:05:05][INFO] Приложение запущено
[13.09.2012][22:05:05][CREATE] Создаем временную таблицу back_out
[13.09.2012][22:05:36][CREATE] Делаем копию back_out
[13.09.2012][22:05:36][DELETE] Удаляем оригинальный файл out
[13.09.2012][22:05:36][REPLACE] Подменяем оригинальный файл дубликатом out
[13.09.2012][22:05:37][INFO] Приложение остановлено
[13.09.2012][22:08:30][INFO] Приложение запущено
[13.09.2012][22:08:30][CREATE] Создаем временную таблицу back_out
[13.09.2012][22:12:13][INFO] Приложение запущено
[13.09.2012][22:12:18][CREATE] Создаем временную таблицу back_out
[13.09.2012][22:12:50][INFO] Приложение запущено
[13.09.2012][22:12:53][CREATE] Создаем временную таблицу back_out
[13.09.2012][22:13:06][CREATE] Делаем копию back_out
[13.09.2012][22:13:06][DELETE] Удаляем оригинальный файл out
[13.09.2012][22:13:06][REPLACE] Подменяем оригинальный файл дубликатом out
[13.09.2012][22:13:13][INFO] Приложение остановлено
[13.09.2012][22:13:24][INFO] Приложение запущено
[13.09.2012][22:13:24][CREATE] Создаем временную таблицу back_out
[13.09.2012][22:13:45][CREATE] Делаем копию back_out
[13.09.2012][22:13:45][DELETE] Удаляем оригинальный файл out
[13.09.2012][22:13:45][REPLACE] Подменяем оригинальный файл дубликатом out
[13.09.2012][22:13:48][INFO] Приложение остановлено
[13.09.2012][22:15:33][INFO] Приложение запущено
[13.09.2012][22:15:33][CREATE] Создаем временную таблицу back_out
[13.09.2012][22:16:18][CREATE] Делаем копию back_out
[13.09.2012][22:16:18][DELETE] Удаляем оригинальный файл out
[13.09.2012][22:16:18][REPLACE] Подменяем оригинальный файл дубликатом out
[13.09.2012][22:16:20][INFO] Приложение остановлено
[13.09.2012][22:17:46][INFO] Приложение запущено
[13.09.2012][22:17:48][CREATE] Создаем временную таблицу back_out
[13.09.2012][22:18:12][INFO] Приложение запущено
[13.09.2012][22:18:16][CREATE] Создаем временную таблицу back_out
[13.09.2012][22:18:55][INFO] Приложение запущено
[13.09.2012][22:18:58][CREATE] Создаем временную таблицу back_out
[13.09.2012][22:19:13][INFO] Приложение остановлено
[13.09.2012][22:19:27][CREATE] Делаем копию back_out
[13.09.2012][22:19:27][DELETE] Удаляем оригинальный файл out
[13.09.2012][22:19:27][REPLACE] Подменяем оригинальный файл дубликатом out
[13.09.2012][22:21:05][INFO] Приложение запущено
[13.09.2012][22:22:36][INFO] Приложение запущено
[13.09.2012][22:22:39][CREATE] Создаем временную таблицу back_out
[13.09.2012][22:23:06][CREATE] Делаем копию back_out
[13.09.2012][22:23:06][DELETE] Удаляем оригинальный файл out
[13.09.2012][22:23:06][REPLACE] Подменяем оригинальный файл дубликатом out
[13.09.2012][22:24:15][INFO] Приложение запущено
[13.09.2012][22:24:18][CREATE] Создаем временную таблицу back_out
[13.09.2012][22:24:45][CREATE] Делаем копию back_out
[13.09.2012][22:24:45][DELETE] Удаляем оригинальный файл out
[13.09.2012][22:24:45][REPLACE] Подменяем оригинальный файл дубликатом out
[13.09.2012][22:25:53][INFO] Приложение запущено
[13.09.2012][22:25:56][CREATE] Создаем временную таблицу back_out
[13.09.2012][22:26:27][INFO] Приложение запущено
[13.09.2012][22:26:32][CREATE] Создаем временную таблицу back_out
[13.09.2012][22:27:00][CREATE] Делаем копию back_out
[13.09.2012][22:27:00][DELETE] Удаляем оригинальный файл out
[13.09.2012][22:27:00][REPLACE] Подменяем оригинальный файл дубликатом out
[13.09.2012][22:27:04][INFO] Приложение остановлено
[13.09.2012][22:29:02][INFO] Приложение запущено
[13.09.2012][22:29:14][INFO] Приложение остановлено
[13.09.2012][22:29:16][INFO] Приложение запущено
[13.09.2012][22:29:21][CREATE] Создаем временную таблицу back_out
[13.09.2012][22:30:06][CREATE] Делаем копию back_out
[13.09.2012][22:30:06][DELETE] Удаляем оригинальный файл out
[13.09.2012][22:30:06][REPLACE] Подменяем оригинальный файл дубликатом out
[13.09.2012][22:30:53][INFO] Приложение остановлено
