[13.09.2012][19:32:05][Exception] File 'out.dbf' does not exist.
[13.09.2012][19:54:22][Exception] Отсутствуют данные для строки или столбца.
[13.09.2012][19:55:13][Exception] Отсутствуют данные для строки или столбца.
[13.09.2012][20:12:04][Exception] Процесс не может получить доступ к файлу "D:\dev\Info\Discount\Discount\bin\Debug\log\13.09.2012\backup.log", так как этот файл используется другим процессом.
[13.09.2012][20:32:35][Exception] Процесс не может получить доступ к файлу "D:\dev\Info\Discount\Discount\bin\Debug\log\13.09.2012\backup.log", так как этот файл используется другим процессом.
[13.09.2012][20:33:35][Exception] Процесс не может получить доступ к файлу "D:\dev\Info\Discount\Discount\bin\Debug\log\13.09.2012\backup.log", так как этот файл используется другим процессом.
[13.09.2012][20:56:02][Exception] Произошла одна или несколько ошибок во время обработки команды.
[13.09.2012][21:07:58][Exception] Таблица 'back_out' уже существует.
[13.09.2012][21:08:03][Exception] Файл 'D:\dev\Info\Discount\Discount\bin\Debug\out' не найден.
[13.09.2012][21:08:51][Exception] Таблица 'back_out' уже существует.
[13.09.2012][21:09:31][Exception] Таблица 'back_out' уже существует.
[13.09.2012][21:12:20][Exception] Процесс не может получить доступ к файлу, так как этот файл занят другим процессом.
[13.09.2012][21:14:26][Exception] Таблица 'back_out' уже существует.
[13.09.2012][21:14:36][Exception] Процесс не может получить доступ к файлу "D:\dev\Info\Discount\Discount\bin\Debug\out.dbf", так как этот файл используется другим процессом.
[13.09.2012][21:15:12][Exception] Процесс не может получить доступ к файлу "D:\dev\Info\Discount\Discount\bin\Debug\out.dbf", так как этот файл используется другим процессом.
[13.09.2012][21:17:00][Exception] Процесс не может получить доступ к файлу "D:\dev\Info\Discount\Discount\bin\Debug\out.dbf", так как этот файл используется другим процессом.
[13.09.2012][21:18:18][Exception] Таблица 'back_out' уже существует.
[13.09.2012][21:21:20][Exception] Не удалось найти часть пути "D:\dev\Info\Discount\Discount\bin\Debug\backup\out.dbf".
[13.09.2012][21:21:58][Exception] Таблица 'back_out' уже существует.
[13.09.2012][21:22:19][Exception] Не удалось найти часть пути "D:\dev\Info\Discount\Discount\bin\Debug\backup\out.dbf".
[13.09.2012][21:24:10][Exception] Таблица 'back_out' уже существует.
[13.09.2012][21:25:57][Exception] Не удалось найти часть пути "D:\dev\Info\Discount\Discount\bin\Debug\backup\13.09.2012\out.dbf".
[13.09.2012][21:28:56][Exception] Данный формат пути не поддерживается.
[13.09.2012][21:29:46][Exception] Таблица 'back_out' уже существует.
[13.09.2012][21:29:46][Exception] Данный формат пути не поддерживается.
[13.09.2012][21:30:16][Exception] Таблица 'back_out' уже существует.
[13.09.2012][21:30:28][Exception] Данный формат пути не поддерживается.
[13.09.2012][21:31:15][Exception] Таблица 'back_out' уже существует.
[13.09.2012][21:32:22][Exception] Данный формат пути не поддерживается.
[13.09.2012][21:33:04][Exception] Таблица 'back_out' уже существует.
[13.09.2012][21:34:09][Exception] Таблица 'back_out' уже существует.
[13.09.2012][21:34:14][Exception] Данный формат пути не поддерживается.
[13.09.2012][21:34:20][Exception] Таблица 'back_out' уже существует.
[13.09.2012][21:35:35][Exception] Таблица 'back_out' уже существует.
[13.09.2012][21:35:54][Exception] Данный формат пути не поддерживается.
[13.09.2012][21:35:59][Exception] Таблица 'back_out' уже существует.
[13.09.2012][21:36:28][Exception] Данный формат пути не поддерживается.
[13.09.2012][21:37:21][Exception] Таблица 'back_out' уже существует.
[13.09.2012][21:38:57][Exception] Данный формат пути не поддерживается.
[13.09.2012][21:39:02][Exception] Таблица 'back_out' уже существует.
[13.09.2012][21:39:24][Exception] Таблица 'back_out' уже существует.
[13.09.2012][22:02:14][Exception] Процесс не может получить доступ к файлу "D:\dev\Info\Discount\Discount\bin\Debug\log\13.09.2012\backup.log", так как этот файл используется другим процессом.
[13.09.2012][22:03:14][Exception] Процесс не может получить доступ к файлу "D:\dev\Info\Discount\Discount\bin\Debug\log\13.09.2012\backup.log", так как этот файл используется другим процессом.
[13.09.2012][22:05:13][Exception] Процесс не может получить доступ к файлу "D:\dev\Info\Discount\Discount\bin\Debug\log\13.09.2012\backup.log", так как этот файл используется другим процессом.
[13.09.2012][22:12:18][Exception] Таблица 'back_out' уже существует.
[13.09.2012][22:12:18][Exception] Для ExecuteNonQuery нужно открытое и доступное подключение Connection. Подключение закрыто.
[13.09.2012][22:12:21][Exception] Для ExecuteNonQuery нужно открытое и доступное подключение Connection. Подключение закрыто.
[13.09.2012][22:12:22][Exception] Для ExecuteNonQuery нужно открытое и доступное подключение Connection. Подключение закрыто.
[13.09.2012][22:12:23][Exception] Для ExecuteNonQuery нужно открытое и доступное подключение Connection. Подключение закрыто.
[13.09.2012][22:12:23][Exception] Для ExecuteNonQuery нужно открытое и доступное подключение Connection. Подключение закрыто.
[13.09.2012][22:12:23][Exception] Для ExecuteNonQuery нужно открытое и доступное подключение Connection. Подключение закрыто.
[13.09.2012][22:12:23][Exception] Для ExecuteNonQuery нужно открытое и доступное подключение Connection. Подключение закрыто.
[13.09.2012][22:12:24][Exception] Для ExecuteNonQuery нужно открытое и доступное подключение Connection. Подключение закрыто.
[13.09.2012][22:12:53][Exception] Таблица 'back_out' уже существует.
[13.09.2012][22:18:16][Exception] Таблица 'back_out' уже существует.
[13.09.2012][22:18:58][Exception] Таблица 'back_out' уже существует.
[13.09.2012][22:26:32][Exception] Таблица 'back_out' уже существует.
[13.09.2012][22:29:26][Exception] Процесс не может получить доступ к файлу "D:\dev\Info\Discount\Discount\bin\Debug\log\13.09.2012\backup.log", так как этот файл используется другим процессом.
