[14.09.2012][8:26:45][INFO] Приложение запущено
[14.09.2012][8:27:03][INFO] Приложение остановлено
[14.09.2012][13:29:29][INFO] Приложение запущено
[14.09.2012][13:30:07][INFO] Приложение остановлено
[14.09.2012][13:30:29][INFO] Приложение запущено
[14.09.2012][13:30:30][INFO] Приложение запущено
[14.09.2012][13:31:43][INFO] Приложение запущено
[14.09.2012][13:31:43][INFO] Приложение запущено
[14.09.2012][13:32:16][INFO] Приложение остановлено
[14.09.2012][13:32:18][INFO] Приложение остановлено
[14.09.2012][13:32:19][INFO] Приложение остановлено
[14.09.2012][13:32:42][INFO] Приложение остановлено
[14.09.2012][13:34:42][INFO] Приложение запущено
[14.09.2012][13:35:03][CREATE] Создаем временную таблицу back_out
[14.09.2012][13:35:30][INFO] Приложение запущено
[14.09.2012][13:35:32][CREATE] Создаем временную таблицу back_out
[14.09.2012][13:37:50][CREATE] Создаем папку D:\dev\Info\Discount\Discount\bin\Debug\backup\14.09.2012\
[14.09.2012][13:37:50][CREATE] Делаем копию back_out
[14.09.2012][13:37:51][DELETE] Удаляем оригинальный файл out
[14.09.2012][13:37:51][REPLACE] Подменяем оригинальный файл дубликатом out
[14.09.2012][14:05:38][INFO] Приложение остановлено
